<?xml version="1.0" encoding="UTF-8"?>
<testsuite xmlns:xsi="http://www.w3.org/2001/XMLSchema-instance" xsi:noNamespaceSchemaLocation="https://maven.apache.org/surefire/maven-surefire-plugin/xsd/surefire-test-report-3.0.xsd" version="3.0" name="TestSuite" time="120.539" tests="8" errors="0" skipped="0" failures="8">
  <properties>
[...]
</properties>
  <testcase name="testCase_SP_02" classname="test.checkout.ShoppingBagTest" time="42.561">
    <failure message="no such element: Unable to locate element: {&quot;method&quot;:&quot;xpath&quot;,&quot;selector&quot;:&quot;//button[@title=&apos;Add to shopping bag&apos;]&quot;}&#10;  (Session info: chrome=107.0.5304.88)&#10;For documentation on this error, please visit: https://www.seleniumhq.org/exceptions/no_such_element.html&#10;Build info: version: &apos;3.141.59&apos;, revision: &apos;e82be7d358&apos;, time: &apos;2018-11-14T08:17:03&apos;&#10;System info: host: &apos;DESKTOP-O2KESLT&apos;, ip: &apos;192.168.31.213&apos;, os.name: &apos;Windows 10&apos;, os.arch: &apos;amd64&apos;, os.version: &apos;10.0&apos;, java.version: &apos;19.0.1&apos;&#10;Driver info: org.openqa.selenium.chrome.ChromeDriver&#10;Capabilities {acceptInsecureCerts: false, browserName: chrome, browserVersion: 107.0.5304.88, chrome: {chromedriverVersion: 107.0.5304.62 (1eec40d3a576..., userDataDir: C:\Users\hoailinh\AppData\L...}, goog:chromeOptions: {debuggerAddress: localhost:52005}, javascriptEnabled: true, networkConnectionEnabled: false, pageLoadStrategy: normal, platform: WINDOWS, platformName: WINDOWS, proxy: Proxy(), setWindowRect: true, strictFileInteractability: false, timeouts: {implicit: 0, pageLoad: 300000, script: 30000}, unhandledPromptBehavior: dismiss and notify, webauthn:extension:credBlob: true, webauthn:extension:largeBlob: true, webauthn:virtualAuthenticators: true}&#10;Session ID: c3b51be6b87a35631dd0a3c8688e7cf7&#10;*** Element info: {Using=xpath, value=//button[@title=&apos;Add to shopping bag&apos;]}" type="org.openqa.selenium.NoSuchElementException"><![CDATA[org.openqa.selenium.NoSuchElementException: 
no such element: Unable to locate element: {"method":"xpath","selector":"//button[@title='Add to shopping bag']"}
  (Session info: chrome=107.0.5304.88)
For documentation on this error, please visit: https://www.seleniumhq.org/exceptions/no_such_element.html
Build info: version: '3.141.59', revision: 'e82be7d358', time: '2018-11-14T08:17:03'
System info: host: 'DESKTOP-O2KESLT', ip: '192.168.31.213', os.name: 'Windows 10', os.arch: 'amd64', os.version: '10.0', java.version: '19.0.1'
Driver info: org.openqa.selenium.chrome.ChromeDriver
Capabilities {acceptInsecureCerts: false, browserName: chrome, browserVersion: 107.0.5304.88, chrome: {chromedriverVersion: 107.0.5304.62 (1eec40d3a576..., userDataDir: C:\Users\hoailinh\AppData\L...}, goog:chromeOptions: {debuggerAddress: localhost:52005}, javascriptEnabled: true, networkConnectionEnabled: false, pageLoadStrategy: normal, platform: WINDOWS, platformName: WINDOWS, proxy: Proxy(), setWindowRect: true, strictFileInteractability: false, timeouts: {implicit: 0, pageLoad: 300000, script: 30000}, unhandledPromptBehavior: dismiss and notify, webauthn:extension:credBlob: true, webauthn:extension:largeBlob: true, webauthn:virtualAuthenticators: true}
Session ID: c3b51be6b87a35631dd0a3c8688e7cf7
*** Element info: {Using=xpath, value=//button[@title='Add to shopping bag']}
	at test.checkout.ShoppingBagTest.testCase_SP_02(ShoppingBagTest.java:49)
]]></failure>
    <system-out><![CDATA[INFO  | 2022-11-03 09:46:57 | [main] openBrowser core.KeywordWeb (KeywordWeb.java:34) - Open browser
DEBUG | 2022-11-03 09:46:57 | [main] checkKeyInResolutionCache cache.ResolutionCache (ResolutionCache.java:193) - Resolution chrome=107 in cache (valid until 20:01:09 02/11/2022 PDT)
DEBUG | 2022-11-03 09:46:57 | [main] checkKeyInResolutionCache cache.ResolutionCache (ResolutionCache.java:193) - Resolution chrome107=107.0.5304.62 in cache (valid until 19:01:09 03/11/2022 PDT)
INFO  | 2022-11-03 09:46:57 | [main] resolveDriverVersion wdm.WebDriverManager (WebDriverManager.java:958) - Using chromedriver 107.0.5304.62 (resolved driver for Chrome 107)
DEBUG | 2022-11-03 09:46:57 | [main] manage wdm.WebDriverManager (WebDriverManager.java:914) - Driver chromedriver 107.0.5304.62 found in cache
INFO  | 2022-11-03 09:46:57 | [main] exportDriver wdm.WebDriverManager (WebDriverManager.java:1013) - Exporting webdriver.chrome.driver as C:\Users\hoailinh\.cache\selenium\chromedriver\win32\107.0.5304.62\chromedriver.exe
INFO  | 2022-11-03 09:46:58 | [main] openBrowser core.KeywordWeb (KeywordWeb.java:49) - open browser successfullyCHROME
INFO  | 2022-11-03 09:46:58 | [main] openBrowser core.KeywordWeb (KeywordWeb.java:52) - go to url: https://dev3.glamira.com/glgb/
INFO  | 2022-11-03 09:46:58 | [main] openBrowser core.KeywordWeb (KeywordWeb.java:53) - url: [Ljava.lang.String;@36dfbdaf
INFO  | 2022-11-03 09:46:59 | [main] maximizeWindow core.KeywordWeb (KeywordWeb.java:120) - Maximizing browser window...
INFO  | 2022-11-03 09:46:59 | [main] testCase_SP_02 checkout.ShoppingBagTest (ShoppingBagTest.java:46) - testCase_SP_02
INFO  | 2022-11-03 09:46:59 | [main] handleLoginPopup core.KeywordWeb (KeywordWeb.java:157) - login by authen link withtest !test123!
INFO  | 2022-11-03 09:47:13 | [main] click core.KeywordWeb (KeywordWeb.java:64) - click//button[@class='amgdprcookie-button -allow']
INFO  | 2022-11-03 09:47:15 | [main] scrollToPosition core.KeywordWeb (KeywordWeb.java:236) -  scrolling to position 
INFO  | 2022-11-03 09:47:26 | [main] click core.KeywordWeb (KeywordWeb.java:64) - click//a[@class='btn-stay-here geoip-close']
INFO  | 2022-11-03 09:47:27 | [main] click core.KeywordWeb (KeywordWeb.java:64) - click//a[@title='Log In/Sign Up']
INFO  | 2022-11-03 09:47:27 | [main] webDriverWaitForElementPresent core.KeywordWeb (KeywordWeb.java:288) - webDriverWaitForElementPresent
INFO  | 2022-11-03 09:47:30 | [main] sendKeys core.KeywordWeb (KeywordWeb.java:77) - send keys//input[@id ='login-email']
INFO  | 2022-11-03 09:47:32 | [main] sendKeys core.KeywordWeb (KeywordWeb.java:77) - send keys//input[@id ='login-password']
INFO  | 2022-11-03 09:47:34 | [main] click core.KeywordWeb (KeywordWeb.java:64) - click//span[text()='Log In']
INFO  | 2022-11-03 09:47:39 | [main] navigateToUrl core.KeywordWeb (KeywordWeb.java:129) - Navigating to URL...https://dev3.glamira.com/glgb/mens-ring-smart-queen-skup7013.html?alloy=white-375&utm_widget=recommendation
INFO  | 2022-11-03 09:47:42 | [main] scrollDownToElement core.KeywordWeb (KeywordWeb.java:228) - scrollDown to //button[@title='Add to shopping bag']
]]></system-out>
    <system-err><![CDATA[Starting ChromeDriver 107.0.5304.62 (1eec40d3a5764881c92085aaee66d25075c159aa-refs/branch-heads/5304@{#942}) on port 3856
Only local connections are allowed.
Please see https://chromedriver.chromium.org/security-considerations for suggestions on keeping ChromeDriver safe.
ChromeDriver was started successfully.
Nov 03, 2022 9:46:58 AM org.openqa.selenium.remote.ProtocolHandshake createSession
INFO: Detected dialect: W3C
]]></system-err>
  </testcase>
  <testcase name="testCase_SP_03" classname="test.checkout.ShoppingBagTest" time="5.846">
    <failure message="no such element: Unable to locate element: {&quot;method&quot;:&quot;xpath&quot;,&quot;selector&quot;:&quot;//button[@title=&apos;Add to shopping bag&apos;]&quot;}&#10;  (Session info: chrome=107.0.5304.88)&#10;For documentation on this error, please visit: https://www.seleniumhq.org/exceptions/no_such_element.html&#10;Build info: version: &apos;3.141.59&apos;, revision: &apos;e82be7d358&apos;, time: &apos;2018-11-14T08:17:03&apos;&#10;System info: host: &apos;DESKTOP-O2KESLT&apos;, ip: &apos;192.168.31.213&apos;, os.name: &apos;Windows 10&apos;, os.arch: &apos;amd64&apos;, os.version: &apos;10.0&apos;, java.version: &apos;19.0.1&apos;&#10;Driver info: org.openqa.selenium.chrome.ChromeDriver&#10;Capabilities {acceptInsecureCerts: false, browserName: chrome, browserVersion: 107.0.5304.88, chrome: {chromedriverVersion: 107.0.5304.62 (1eec40d3a576..., userDataDir: C:\Users\hoailinh\AppData\L...}, goog:chromeOptions: {debuggerAddress: localhost:52005}, javascriptEnabled: true, networkConnectionEnabled: false, pageLoadStrategy: normal, platform: WINDOWS, platformName: WINDOWS, proxy: Proxy(), setWindowRect: true, strictFileInteractability: false, timeouts: {implicit: 0, pageLoad: 300000, script: 30000}, unhandledPromptBehavior: dismiss and notify, webauthn:extension:credBlob: true, webauthn:extension:largeBlob: true, webauthn:virtualAuthenticators: true}&#10;Session ID: c3b51be6b87a35631dd0a3c8688e7cf7&#10;*** Element info: {Using=xpath, value=//button[@title=&apos;Add to shopping bag&apos;]}" type="org.openqa.selenium.NoSuchElementException"><![CDATA[org.openqa.selenium.NoSuchElementException: 
no such element: Unable to locate element: {"method":"xpath","selector":"//button[@title='Add to shopping bag']"}
  (Session info: chrome=107.0.5304.88)
For documentation on this error, please visit: https://www.seleniumhq.org/exceptions/no_such_element.html
Build info: version: '3.141.59', revision: 'e82be7d358', time: '2018-11-14T08:17:03'
System info: host: 'DESKTOP-O2KESLT', ip: '192.168.31.213', os.name: 'Windows 10', os.arch: 'amd64', os.version: '10.0', java.version: '19.0.1'
Driver info: org.openqa.selenium.chrome.ChromeDriver
Capabilities {acceptInsecureCerts: false, browserName: chrome, browserVersion: 107.0.5304.88, chrome: {chromedriverVersion: 107.0.5304.62 (1eec40d3a576..., userDataDir: C:\Users\hoailinh\AppData\L...}, goog:chromeOptions: {debuggerAddress: localhost:52005}, javascriptEnabled: true, networkConnectionEnabled: false, pageLoadStrategy: normal, platform: WINDOWS, platformName: WINDOWS, proxy: Proxy(), setWindowRect: true, strictFileInteractability: false, timeouts: {implicit: 0, pageLoad: 300000, script: 30000}, unhandledPromptBehavior: dismiss and notify, webauthn:extension:credBlob: true, webauthn:extension:largeBlob: true, webauthn:virtualAuthenticators: true}
Session ID: c3b51be6b87a35631dd0a3c8688e7cf7
*** Element info: {Using=xpath, value=//button[@title='Add to shopping bag']}
	at test.checkout.ShoppingBagTest.testCase_SP_03(ShoppingBagTest.java:58)
]]></failure>
    <system-out><![CDATA[Taked screenshot: testCase_SP_02
INFO  | 2022-11-03 09:47:42 | [main] testCase_SP_03 checkout.ShoppingBagTest (ShoppingBagTest.java:56) - testCase_SP_03
INFO  | 2022-11-03 09:47:47 | [main] navigateToUrl core.KeywordWeb (KeywordWeb.java:129) - Navigating to URL...https://dev3.glamira.com/glgb/smart-ornament-skub7047.html?alloy=white-platin
INFO  | 2022-11-03 09:47:48 | [main] scrollDownToElement core.KeywordWeb (KeywordWeb.java:228) - scrollDown to //button[@title='Add to shopping bag']
]]></system-out>
  </testcase>
  <testcase name="testCase_SP_15" classname="test.checkout.ShoppingBagTest" time="10.507">
    <failure message="element not interactable&#10;  (Session info: chrome=107.0.5304.88)&#10;Build info: version: &apos;3.141.59&apos;, revision: &apos;e82be7d358&apos;, time: &apos;2018-11-14T08:17:03&apos;&#10;System info: host: &apos;DESKTOP-O2KESLT&apos;, ip: &apos;192.168.31.213&apos;, os.name: &apos;Windows 10&apos;, os.arch: &apos;amd64&apos;, os.version: &apos;10.0&apos;, java.version: &apos;19.0.1&apos;&#10;Driver info: org.openqa.selenium.chrome.ChromeDriver&#10;Capabilities {acceptInsecureCerts: false, browserName: chrome, browserVersion: 107.0.5304.88, chrome: {chromedriverVersion: 107.0.5304.62 (1eec40d3a576..., userDataDir: C:\Users\hoailinh\AppData\L...}, goog:chromeOptions: {debuggerAddress: localhost:52005}, javascriptEnabled: true, networkConnectionEnabled: false, pageLoadStrategy: normal, platform: WINDOWS, platformName: WINDOWS, proxy: Proxy(), setWindowRect: true, strictFileInteractability: false, timeouts: {implicit: 0, pageLoad: 300000, script: 30000}, unhandledPromptBehavior: dismiss and notify, webauthn:extension:credBlob: true, webauthn:extension:largeBlob: true, webauthn:virtualAuthenticators: true}&#10;Session ID: c3b51be6b87a35631dd0a3c8688e7cf7" type="org.openqa.selenium.ElementNotInteractableException"><![CDATA[org.openqa.selenium.ElementNotInteractableException: 
element not interactable
  (Session info: chrome=107.0.5304.88)
Build info: version: '3.141.59', revision: 'e82be7d358', time: '2018-11-14T08:17:03'
System info: host: 'DESKTOP-O2KESLT', ip: '192.168.31.213', os.name: 'Windows 10', os.arch: 'amd64', os.version: '10.0', java.version: '19.0.1'
Driver info: org.openqa.selenium.chrome.ChromeDriver
Capabilities {acceptInsecureCerts: false, browserName: chrome, browserVersion: 107.0.5304.88, chrome: {chromedriverVersion: 107.0.5304.62 (1eec40d3a576..., userDataDir: C:\Users\hoailinh\AppData\L...}, goog:chromeOptions: {debuggerAddress: localhost:52005}, javascriptEnabled: true, networkConnectionEnabled: false, pageLoadStrategy: normal, platform: WINDOWS, platformName: WINDOWS, proxy: Proxy(), setWindowRect: true, strictFileInteractability: false, timeouts: {implicit: 0, pageLoad: 300000, script: 30000}, unhandledPromptBehavior: dismiss and notify, webauthn:extension:credBlob: true, webauthn:extension:largeBlob: true, webauthn:virtualAuthenticators: true}
Session ID: c3b51be6b87a35631dd0a3c8688e7cf7
	at test.checkout.ShoppingBagTest.commonShopping(ShoppingBagTest.java:28)
	at test.checkout.ShoppingBagTest.testCase_SP_15(ShoppingBagTest.java:90)
]]></failure>
    <system-out><![CDATA[Taked screenshot: testCase_SP_03
INFO  | 2022-11-03 09:47:48 | [main] testCase_SP_15 checkout.ShoppingBagTest (ShoppingBagTest.java:89) - testCase_SP_15
INFO  | 2022-11-03 09:47:48 | [main] handleLoginPopup core.KeywordWeb (KeywordWeb.java:157) - login by authen link withtest !test123!
INFO  | 2022-11-03 09:47:59 | [main] click core.KeywordWeb (KeywordWeb.java:64) - click//button[@class='amgdprcookie-button -allow']
]]></system-out>
  </testcase>
  <testcase name="testCase_SP_01" classname="test.checkout.ShoppingBagTest" time="10.7">
    <failure message="element not interactable&#10;  (Session info: chrome=107.0.5304.88)&#10;Build info: version: &apos;3.141.59&apos;, revision: &apos;e82be7d358&apos;, time: &apos;2018-11-14T08:17:03&apos;&#10;System info: host: &apos;DESKTOP-O2KESLT&apos;, ip: &apos;192.168.31.213&apos;, os.name: &apos;Windows 10&apos;, os.arch: &apos;amd64&apos;, os.version: &apos;10.0&apos;, java.version: &apos;19.0.1&apos;&#10;Driver info: org.openqa.selenium.chrome.ChromeDriver&#10;Capabilities {acceptInsecureCerts: false, browserName: chrome, browserVersion: 107.0.5304.88, chrome: {chromedriverVersion: 107.0.5304.62 (1eec40d3a576..., userDataDir: C:\Users\hoailinh\AppData\L...}, goog:chromeOptions: {debuggerAddress: localhost:52005}, javascriptEnabled: true, networkConnectionEnabled: false, pageLoadStrategy: normal, platform: WINDOWS, platformName: WINDOWS, proxy: Proxy(), setWindowRect: true, strictFileInteractability: false, timeouts: {implicit: 0, pageLoad: 300000, script: 30000}, unhandledPromptBehavior: dismiss and notify, webauthn:extension:credBlob: true, webauthn:extension:largeBlob: true, webauthn:virtualAuthenticators: true}&#10;Session ID: c3b51be6b87a35631dd0a3c8688e7cf7" type="org.openqa.selenium.ElementNotInteractableException"><![CDATA[org.openqa.selenium.ElementNotInteractableException: 
element not interactable
  (Session info: chrome=107.0.5304.88)
Build info: version: '3.141.59', revision: 'e82be7d358', time: '2018-11-14T08:17:03'
System info: host: 'DESKTOP-O2KESLT', ip: '192.168.31.213', os.name: 'Windows 10', os.arch: 'amd64', os.version: '10.0', java.version: '19.0.1'
Driver info: org.openqa.selenium.chrome.ChromeDriver
Capabilities {acceptInsecureCerts: false, browserName: chrome, browserVersion: 107.0.5304.88, chrome: {chromedriverVersion: 107.0.5304.62 (1eec40d3a576..., userDataDir: C:\Users\hoailinh\AppData\L...}, goog:chromeOptions: {debuggerAddress: localhost:52005}, javascriptEnabled: true, networkConnectionEnabled: false, pageLoadStrategy: normal, platform: WINDOWS, platformName: WINDOWS, proxy: Proxy(), setWindowRect: true, strictFileInteractability: false, timeouts: {implicit: 0, pageLoad: 300000, script: 30000}, unhandledPromptBehavior: dismiss and notify, webauthn:extension:credBlob: true, webauthn:extension:largeBlob: true, webauthn:virtualAuthenticators: true}
Session ID: c3b51be6b87a35631dd0a3c8688e7cf7
	at test.checkout.ShoppingBagTest.commonShopping(ShoppingBagTest.java:28)
	at test.checkout.ShoppingBagTest.testCase_SP_01(ShoppingBagTest.java:36)
]]></failure>
    <system-out><![CDATA[Taked screenshot: testCase_SP_15
INFO  | 2022-11-03 09:48:00 | [main] testCase_SP_01 checkout.ShoppingBagTest (ShoppingBagTest.java:35) - testCase_SP_01
INFO  | 2022-11-03 09:48:00 | [main] handleLoginPopup core.KeywordWeb (KeywordWeb.java:157) - login by authen link withtest !test123!
INFO  | 2022-11-03 09:48:11 | [main] click core.KeywordWeb (KeywordWeb.java:64) - click//button[@class='amgdprcookie-button -allow']
]]></system-out>
  </testcase>
  <testcase name="testCase_SP_04" classname="test.checkout.ShoppingBagTest" time="5.837">
    <failure message="no such element: Unable to locate element: {&quot;method&quot;:&quot;xpath&quot;,&quot;selector&quot;:&quot;//button[@title=&apos;Add to shopping bag&apos;]&quot;}&#10;  (Session info: chrome=107.0.5304.88)&#10;For documentation on this error, please visit: https://www.seleniumhq.org/exceptions/no_such_element.html&#10;Build info: version: &apos;3.141.59&apos;, revision: &apos;e82be7d358&apos;, time: &apos;2018-11-14T08:17:03&apos;&#10;System info: host: &apos;DESKTOP-O2KESLT&apos;, ip: &apos;192.168.31.213&apos;, os.name: &apos;Windows 10&apos;, os.arch: &apos;amd64&apos;, os.version: &apos;10.0&apos;, java.version: &apos;19.0.1&apos;&#10;Driver info: org.openqa.selenium.chrome.ChromeDriver&#10;Capabilities {acceptInsecureCerts: false, browserName: chrome, browserVersion: 107.0.5304.88, chrome: {chromedriverVersion: 107.0.5304.62 (1eec40d3a576..., userDataDir: C:\Users\hoailinh\AppData\L...}, goog:chromeOptions: {debuggerAddress: localhost:52005}, javascriptEnabled: true, networkConnectionEnabled: false, pageLoadStrategy: normal, platform: WINDOWS, platformName: WINDOWS, proxy: Proxy(), setWindowRect: true, strictFileInteractability: false, timeouts: {implicit: 0, pageLoad: 300000, script: 30000}, unhandledPromptBehavior: dismiss and notify, webauthn:extension:credBlob: true, webauthn:extension:largeBlob: true, webauthn:virtualAuthenticators: true}&#10;Session ID: c3b51be6b87a35631dd0a3c8688e7cf7&#10;*** Element info: {Using=xpath, value=//button[@title=&apos;Add to shopping bag&apos;]}" type="org.openqa.selenium.NoSuchElementException"><![CDATA[org.openqa.selenium.NoSuchElementException: 
no such element: Unable to locate element: {"method":"xpath","selector":"//button[@title='Add to shopping bag']"}
  (Session info: chrome=107.0.5304.88)
For documentation on this error, please visit: https://www.seleniumhq.org/exceptions/no_such_element.html
Build info: version: '3.141.59', revision: 'e82be7d358', time: '2018-11-14T08:17:03'
System info: host: 'DESKTOP-O2KESLT', ip: '192.168.31.213', os.name: 'Windows 10', os.arch: 'amd64', os.version: '10.0', java.version: '19.0.1'
Driver info: org.openqa.selenium.chrome.ChromeDriver
Capabilities {acceptInsecureCerts: false, browserName: chrome, browserVersion: 107.0.5304.88, chrome: {chromedriverVersion: 107.0.5304.62 (1eec40d3a576..., userDataDir: C:\Users\hoailinh\AppData\L...}, goog:chromeOptions: {debuggerAddress: localhost:52005}, javascriptEnabled: true, networkConnectionEnabled: false, pageLoadStrategy: normal, platform: WINDOWS, platformName: WINDOWS, proxy: Proxy(), setWindowRect: true, strictFileInteractability: false, timeouts: {implicit: 0, pageLoad: 300000, script: 30000}, unhandledPromptBehavior: dismiss and notify, webauthn:extension:credBlob: true, webauthn:extension:largeBlob: true, webauthn:virtualAuthenticators: true}
Session ID: c3b51be6b87a35631dd0a3c8688e7cf7
*** Element info: {Using=xpath, value=//button[@title='Add to shopping bag']}
	at test.checkout.ShoppingBagTest.testCase_SP_04(ShoppingBagTest.java:69)
]]></failure>
    <system-out><![CDATA[Taked screenshot: testCase_SP_01
INFO  | 2022-11-03 09:48:12 | [main] testCase_SP_04 checkout.ShoppingBagTest (ShoppingBagTest.java:67) - testCase_SP_04
INFO  | 2022-11-03 09:48:17 | [main] navigateToUrl core.KeywordWeb (KeywordWeb.java:129) - Navigating to URL...https://dev3.glamira.com/glgb/mens-ring-smart-queen-skup7013.html?alloy=white-375&utm_widget=recommendation
INFO  | 2022-11-03 09:48:17 | [main] scrollDownToElement core.KeywordWeb (KeywordWeb.java:228) - scrollDown to //button[@title='Add to shopping bag']
]]></system-out>
  </testcase>
  <testcase name="testCase_SP_05" classname="test.checkout.ShoppingBagTest" time="11.116">
    <failure message="element not interactable&#10;  (Session info: chrome=107.0.5304.88)&#10;Build info: version: &apos;3.141.59&apos;, revision: &apos;e82be7d358&apos;, time: &apos;2018-11-14T08:17:03&apos;&#10;System info: host: &apos;DESKTOP-O2KESLT&apos;, ip: &apos;192.168.31.213&apos;, os.name: &apos;Windows 10&apos;, os.arch: &apos;amd64&apos;, os.version: &apos;10.0&apos;, java.version: &apos;19.0.1&apos;&#10;Driver info: org.openqa.selenium.chrome.ChromeDriver&#10;Capabilities {acceptInsecureCerts: false, browserName: chrome, browserVersion: 107.0.5304.88, chrome: {chromedriverVersion: 107.0.5304.62 (1eec40d3a576..., userDataDir: C:\Users\hoailinh\AppData\L...}, goog:chromeOptions: {debuggerAddress: localhost:52005}, javascriptEnabled: true, networkConnectionEnabled: false, pageLoadStrategy: normal, platform: WINDOWS, platformName: WINDOWS, proxy: Proxy(), setWindowRect: true, strictFileInteractability: false, timeouts: {implicit: 0, pageLoad: 300000, script: 30000}, unhandledPromptBehavior: dismiss and notify, webauthn:extension:credBlob: true, webauthn:extension:largeBlob: true, webauthn:virtualAuthenticators: true}&#10;Session ID: c3b51be6b87a35631dd0a3c8688e7cf7" type="org.openqa.selenium.ElementNotInteractableException"><![CDATA[org.openqa.selenium.ElementNotInteractableException: 
element not interactable
  (Session info: chrome=107.0.5304.88)
Build info: version: '3.141.59', revision: 'e82be7d358', time: '2018-11-14T08:17:03'
System info: host: 'DESKTOP-O2KESLT', ip: '192.168.31.213', os.name: 'Windows 10', os.arch: 'amd64', os.version: '10.0', java.version: '19.0.1'
Driver info: org.openqa.selenium.chrome.ChromeDriver
Capabilities {acceptInsecureCerts: false, browserName: chrome, browserVersion: 107.0.5304.88, chrome: {chromedriverVersion: 107.0.5304.62 (1eec40d3a576..., userDataDir: C:\Users\hoailinh\AppData\L...}, goog:chromeOptions: {debuggerAddress: localhost:52005}, javascriptEnabled: true, networkConnectionEnabled: false, pageLoadStrategy: normal, platform: WINDOWS, platformName: WINDOWS, proxy: Proxy(), setWindowRect: true, strictFileInteractability: false, timeouts: {implicit: 0, pageLoad: 300000, script: 30000}, unhandledPromptBehavior: dismiss and notify, webauthn:extension:credBlob: true, webauthn:extension:largeBlob: true, webauthn:virtualAuthenticators: true}
Session ID: c3b51be6b87a35631dd0a3c8688e7cf7
	at test.checkout.ShoppingBagTest.commonShopping(ShoppingBagTest.java:28)
	at test.checkout.ShoppingBagTest.testCase_SP_05(ShoppingBagTest.java:78)
]]></failure>
    <system-out><![CDATA[Taked screenshot: testCase_SP_04
INFO  | 2022-11-03 09:48:18 | [main] testCase_SP_05 checkout.ShoppingBagTest (ShoppingBagTest.java:77) - testCase_SP_05
INFO  | 2022-11-03 09:48:18 | [main] handleLoginPopup core.KeywordWeb (KeywordWeb.java:157) - login by authen link withtest !test123!
INFO  | 2022-11-03 09:48:29 | [main] click core.KeywordWeb (KeywordWeb.java:64) - click//button[@class='amgdprcookie-button -allow']
]]></system-out>
  </testcase>
  <testcase name="testCase_SP_16" classname="test.checkout.ShoppingBagTest" time="10.141">
    <failure message="element not interactable&#10;  (Session info: chrome=107.0.5304.88)&#10;Build info: version: &apos;3.141.59&apos;, revision: &apos;e82be7d358&apos;, time: &apos;2018-11-14T08:17:03&apos;&#10;System info: host: &apos;DESKTOP-O2KESLT&apos;, ip: &apos;192.168.31.213&apos;, os.name: &apos;Windows 10&apos;, os.arch: &apos;amd64&apos;, os.version: &apos;10.0&apos;, java.version: &apos;19.0.1&apos;&#10;Driver info: org.openqa.selenium.chrome.ChromeDriver&#10;Capabilities {acceptInsecureCerts: false, browserName: chrome, browserVersion: 107.0.5304.88, chrome: {chromedriverVersion: 107.0.5304.62 (1eec40d3a576..., userDataDir: C:\Users\hoailinh\AppData\L...}, goog:chromeOptions: {debuggerAddress: localhost:52005}, javascriptEnabled: true, networkConnectionEnabled: false, pageLoadStrategy: normal, platform: WINDOWS, platformName: WINDOWS, proxy: Proxy(), setWindowRect: true, strictFileInteractability: false, timeouts: {implicit: 0, pageLoad: 300000, script: 30000}, unhandledPromptBehavior: dismiss and notify, webauthn:extension:credBlob: true, webauthn:extension:largeBlob: true, webauthn:virtualAuthenticators: true}&#10;Session ID: c3b51be6b87a35631dd0a3c8688e7cf7" type="org.openqa.selenium.ElementNotInteractableException"><![CDATA[org.openqa.selenium.ElementNotInteractableException: 
element not interactable
  (Session info: chrome=107.0.5304.88)
Build info: version: '3.141.59', revision: 'e82be7d358', time: '2018-11-14T08:17:03'
System info: host: 'DESKTOP-O2KESLT', ip: '192.168.31.213', os.name: 'Windows 10', os.arch: 'amd64', os.version: '10.0', java.version: '19.0.1'
Driver info: org.openqa.selenium.chrome.ChromeDriver
Capabilities {acceptInsecureCerts: false, browserName: chrome, browserVersion: 107.0.5304.88, chrome: {chromedriverVersion: 107.0.5304.62 (1eec40d3a576..., userDataDir: C:\Users\hoailinh\AppData\L...}, goog:chromeOptions: {debuggerAddress: localhost:52005}, javascriptEnabled: true, networkConnectionEnabled: false, pageLoadStrategy: normal, platform: WINDOWS, platformName: WINDOWS, proxy: Proxy(), setWindowRect: true, strictFileInteractability: false, timeouts: {implicit: 0, pageLoad: 300000, script: 30000}, unhandledPromptBehavior: dismiss and notify, webauthn:extension:credBlob: true, webauthn:extension:largeBlob: true, webauthn:virtualAuthenticators: true}
Session ID: c3b51be6b87a35631dd0a3c8688e7cf7
	at test.checkout.ShoppingBagTest.commonShopping(ShoppingBagTest.java:28)
	at test.checkout.ShoppingBagTest.testCase_SP_16(ShoppingBagTest.java:112)
]]></failure>
    <system-out><![CDATA[Taked screenshot: testCase_SP_05
INFO  | 2022-11-03 09:48:30 | [main] testCase_SP_16 checkout.ShoppingBagTest (ShoppingBagTest.java:111) - testCase_SP_16
INFO  | 2022-11-03 09:48:30 | [main] handleLoginPopup core.KeywordWeb (KeywordWeb.java:157) - login by authen link withtest !test123!
INFO  | 2022-11-03 09:48:40 | [main] click core.KeywordWeb (KeywordWeb.java:64) - click//button[@class='amgdprcookie-button -allow']
]]></system-out>
  </testcase>
  <testcase name="testCase_SP_17" classname="test.checkout.ShoppingBagTest" time="12.312">
    <failure message="element not interactable&#10;  (Session info: chrome=107.0.5304.88)&#10;Build info: version: &apos;3.141.59&apos;, revision: &apos;e82be7d358&apos;, time: &apos;2018-11-14T08:17:03&apos;&#10;System info: host: &apos;DESKTOP-O2KESLT&apos;, ip: &apos;192.168.31.213&apos;, os.name: &apos;Windows 10&apos;, os.arch: &apos;amd64&apos;, os.version: &apos;10.0&apos;, java.version: &apos;19.0.1&apos;&#10;Driver info: org.openqa.selenium.chrome.ChromeDriver&#10;Capabilities {acceptInsecureCerts: false, browserName: chrome, browserVersion: 107.0.5304.88, chrome: {chromedriverVersion: 107.0.5304.62 (1eec40d3a576..., userDataDir: C:\Users\hoailinh\AppData\L...}, goog:chromeOptions: {debuggerAddress: localhost:52005}, javascriptEnabled: true, networkConnectionEnabled: false, pageLoadStrategy: normal, platform: WINDOWS, platformName: WINDOWS, proxy: Proxy(), setWindowRect: true, strictFileInteractability: false, timeouts: {implicit: 0, pageLoad: 300000, script: 30000}, unhandledPromptBehavior: dismiss and notify, webauthn:extension:credBlob: true, webauthn:extension:largeBlob: true, webauthn:virtualAuthenticators: true}&#10;Session ID: c3b51be6b87a35631dd0a3c8688e7cf7" type="org.openqa.selenium.ElementNotInteractableException"><![CDATA[org.openqa.selenium.ElementNotInteractableException: 
element not interactable
  (Session info: chrome=107.0.5304.88)
Build info: version: '3.141.59', revision: 'e82be7d358', time: '2018-11-14T08:17:03'
System info: host: 'DESKTOP-O2KESLT', ip: '192.168.31.213', os.name: 'Windows 10', os.arch: 'amd64', os.version: '10.0', java.version: '19.0.1'
Driver info: org.openqa.selenium.chrome.ChromeDriver
Capabilities {acceptInsecureCerts: false, browserName: chrome, browserVersion: 107.0.5304.88, chrome: {chromedriverVersion: 107.0.5304.62 (1eec40d3a576..., userDataDir: C:\Users\hoailinh\AppData\L...}, goog:chromeOptions: {debuggerAddress: localhost:52005}, javascriptEnabled: true, networkConnectionEnabled: false, pageLoadStrategy: normal, platform: WINDOWS, platformName: WINDOWS, proxy: Proxy(), setWindowRect: true, strictFileInteractability: false, timeouts: {implicit: 0, pageLoad: 300000, script: 30000}, unhandledPromptBehavior: dismiss and notify, webauthn:extension:credBlob: true, webauthn:extension:largeBlob: true, webauthn:virtualAuthenticators: true}
Session ID: c3b51be6b87a35631dd0a3c8688e7cf7
	at test.checkout.ShoppingBagTest.commonShopping(ShoppingBagTest.java:28)
	at test.checkout.ShoppingBagTest.testCase_SP_17(ShoppingBagTest.java:102)
]]></failure>
    <system-out><![CDATA[Taked screenshot: testCase_SP_16
INFO  | 2022-11-03 09:48:41 | [main] testCase_SP_17 checkout.ShoppingBagTest (ShoppingBagTest.java:101) - testCase_SP_17
INFO  | 2022-11-03 09:48:41 | [main] handleLoginPopup core.KeywordWeb (KeywordWeb.java:157) - login by authen link withtest !test123!
INFO  | 2022-11-03 09:48:53 | [main] click core.KeywordWeb (KeywordWeb.java:64) - click//button[@class='amgdprcookie-button -allow']
]]></system-out>
  </testcase>
</testsuite>