<?xml version="1.0" encoding="UTF-8"?><testsuite errors="1" failures="0" name="Lookup a definition" skipped="0" tests="1" time="128.21" timestamp="2020-12-24T10:28:38.180644921+07:00[Asia/Ho_Chi_Minh]"><testcase name="Looking up the definition of 'apple'"><error message="Could not instantiate new WebDriver instance of type class org.openqa.selenium.chrome.ChromeDriver (Timed out waiting for driver server to start.&#10;Build info: version: '3.7.1', revision: '8a0099a', time: '2017-11-06T21:01:39.354Z'&#10;System info: host: 'hoaithanh', ip: '127.0.1.1', os.name: 'Linux', os.arch: 'amd64', os.version: '5.4.0-58-generic', java.version: '15.0.1'&#10;Driver info: driver.version: ChromeDriver" type="net.thucydides.core.webdriver.UnsupportedDriverException">Could not instantiate new WebDriver instance of type class org.openqa.selenium.chrome.ChromeDriver (Timed out waiting for driver server to start.
Build info: version: '3.7.1', revision: '8a0099a', time: '2017-11-06T21:01:39.354Z'
System info: host: 'hoaithanh', ip: '127.0.1.1', os.name: 'Linux', os.arch: 'amd64', os.version: '5.4.0-58-generic', java.version: '15.0.1'
Driver info: driver.version: ChromeDriver</error><system-err>Could not instantiate new WebDriver instance of type class org.openqa.selenium.chrome.ChromeDriver (Timed out waiting for driver server to start.
Build info: version: '3.7.1', revision: '8a0099a', time: '2017-11-06T21:01:39.354Z'
System info: host: 'hoaithanh', ip: '127.0.1.1', os.name: 'Linux', os.arch: 'amd64', os.version: '5.4.0-58-generic', java.version: '15.0.1'
Driver info: driver.version: ChromeDriver
autoframework.steps.serenity.EndUserSteps.is_the_home_page(EndUserSteps.java:53)
autoframework.steps.DefinitionSteps.givenTheUserIsOnTheWikionaryHomePage(DefinitionSteps.java:52)
java.base/jdk.internal.reflect.NativeMethodAccessorImpl.invoke0(Native Method)
java.base/jdk.internal.reflect.NativeMethodAccessorImpl.invoke(NativeMethodAccessorImpl.java:64)
java.base/jdk.internal.reflect.DelegatingMethodAccessorImpl.invoke(DelegatingMethodAccessorImpl.java:43)
cucumber.runner.Runner.runPickle(Runner.java:80)
java.base/jdk.internal.reflect.NativeMethodAccessorImpl.invoke0(Native Method)
java.base/jdk.internal.reflect.NativeMethodAccessorImpl.invoke(NativeMethodAccessorImpl.java:64)
java.base/jdk.internal.reflect.DelegatingMethodAccessorImpl.invoke(DelegatingMethodAccessorImpl.java:43)
java.base/jdk.internal.reflect.NativeMethodAccessorImpl.invoke0(Native Method)
java.base/jdk.internal.reflect.NativeMethodAccessorImpl.invoke(NativeMethodAccessorImpl.java:64)
java.base/jdk.internal.reflect.DelegatingMethodAccessorImpl.invoke(DelegatingMethodAccessorImpl.java:43)
</system-err></testcase></testsuite>