<?xml version="1.0" encoding="UTF-8"?><testsuite errors="0" failures="1" name="As a user, i want to look up the definition of some work" skipped="0" tests="1" time="42.96" timestamp="2020-12-24T11:16:34.406637543+07:00[Asia/Ho_Chi_Minh]"><testcase name="login success"><failure message="The following error occurred: Expected enabled element was not enabled&#10;Build info: version: '3.7.1', revision: '8a0099a', time: '2017-11-06T21:01:39.354Z'&#10;System info: host: 'hoaithanh', ip: '127.0.1.1', os.name: 'Linux', os.arch: 'amd64', os.version: '5.4.0-58-generic', java.version: '15.0.1'&#10;Driver info: driver.version: unknown" type="net.thucydides.core.webdriver.exceptions.ElementShouldBeEnabledException">The following error occurred: Expected enabled element was not enabled
Build info: version: '3.7.1', revision: '8a0099a', time: '2017-11-06T21:01:39.354Z'
System info: host: 'hoaithanh', ip: '127.0.1.1', os.name: 'Linux', os.arch: 'amd64', os.version: '5.4.0-58-generic', java.version: '15.0.1'
Driver info: driver.version: unknown</failure><system-err>The following error occurred: Expected enabled element was not enabled
Build info: version: '3.7.1', revision: '8a0099a', time: '2017-11-06T21:01:39.354Z'
System info: host: 'hoaithanh', ip: '127.0.1.1', os.name: 'Linux', os.arch: 'amd64', os.version: '5.4.0-58-generic', java.version: '15.0.1'
Driver info: driver.version: unknown
java.base/jdk.internal.reflect.NativeMethodAccessorImpl.invoke0(Native Method)
java.base/jdk.internal.reflect.NativeMethodAccessorImpl.invoke(NativeMethodAccessorImpl.java:64)
java.base/jdk.internal.reflect.DelegatingMethodAccessorImpl.invoke(DelegatingMethodAccessorImpl.java:43)
autoframework.pages.DictionaryPage.enter_keywords(DictionaryPage.java:48)
autoframework.steps.serenity.EndUserSteps.enters(EndUserSteps.java:38)
autoframework.steps.serenity.EndUserSteps.looks_for(EndUserSteps.java:58)
autoframework.steps.DefinitionSteps.whenTheUserLooksUpTheDefinitionOf(DefinitionSteps.java:57)
java.base/jdk.internal.reflect.NativeMethodAccessorImpl.invoke0(Native Method)
java.base/jdk.internal.reflect.NativeMethodAccessorImpl.invoke(NativeMethodAccessorImpl.java:64)
java.base/jdk.internal.reflect.DelegatingMethodAccessorImpl.invoke(DelegatingMethodAccessorImpl.java:43)
cucumber.runner.Runner.runPickle(Runner.java:80)
java.base/jdk.internal.reflect.NativeMethodAccessorImpl.invoke0(Native Method)
java.base/jdk.internal.reflect.NativeMethodAccessorImpl.invoke(NativeMethodAccessorImpl.java:64)
java.base/jdk.internal.reflect.DelegatingMethodAccessorImpl.invoke(DelegatingMethodAccessorImpl.java:43)
java.base/jdk.internal.reflect.NativeMethodAccessorImpl.invoke0(Native Method)
java.base/jdk.internal.reflect.NativeMethodAccessorImpl.invoke(NativeMethodAccessorImpl.java:64)
java.base/jdk.internal.reflect.DelegatingMethodAccessorImpl.invoke(DelegatingMethodAccessorImpl.java:43)
</system-err></testcase></testsuite>